A.L.E: Arcade Learning Environment (version 0.8.1+53f58b7)
[Powered by Stella]
Episode 0:
	Train:	Steps 309	Reward: 65.0
	Eval:	Steps 726	Reward: 285.0
Episode 1:
	Train:	Steps 556	Reward: 240.0
	Eval:	Steps 693	Reward: 0.0
Episode 2:
	Train:	Steps 553	Reward: 210.0
	Eval:	Steps 693	Reward: 0.0
Episode 3:
	Train:	Steps 424	Reward: 75.0
	Eval:	Steps 693	Reward: 0.0
Episode 4:
	Train:	Steps 295	Reward: 65.0
	Eval:	Steps 693	Reward: 0.0
Episode 5:
	Train:	Steps 470	Reward: 140.0
	Eval:	Steps 693	Reward: 0.0
Episode 6:
	Train:	Steps 436	Reward: 110.0
	Eval:	Steps 726	Reward: 285.0
Episode 7:
	Train:	Steps 287	Reward: 50.0
	Eval:	Steps 693	Reward: 0.0
Episode 8:
	Train:	Steps 510	Reward: 110.0
	Eval:	Steps 726	Reward: 285.0
Episode 9:
	Train:	Steps 575	Reward: 90.0
	Eval:	Steps 726	Reward: 285.0
Episode 10:
	Train:	Steps 403	Reward: 90.0
	Eval:	Steps 693	Reward: 0.0
Episode 11:
	Train:	Steps 291	Reward: 65.0
	Eval:	Steps 693	Reward: 0.0
Episode 12:
	Train:	Steps 468	Reward: 65.0
	Eval:	Steps 726	Reward: 285.0
Episode 13:
	Train:	Steps 373	Reward: 75.0
	Eval:	Steps 538	Reward: 270.0
Episode 14:
	Train:	Steps 327	Reward: 180.0
	Eval:	Steps 726	Reward: 285.0
Episode 15:
	Train:	Steps 400	Reward: 45.0
	Eval:	Steps 538	Reward: 270.0
Episode 16:
	Train:	Steps 441	Reward: 140.0
	Eval:	Steps 378	Reward: 0.0
Episode 17:
	Train:	Steps 411	Reward: 20.0
	Eval:	Steps 726	Reward: 285.0
Episode 18:
	Train:	Steps 754	Reward: 730.0
	Eval:	Steps 726	Reward: 285.0
Episode 19:
	Train:	Steps 441	Reward: 105.0
	Eval:	Steps 693	Reward: 0.0
Episode 20:
	Train:	Steps 481	Reward: 120.0
	Eval:	Steps 378	Reward: 0.0
Episode 21:
	Train:	Steps 561	Reward: 180.0
	Eval:	Steps 538	Reward: 270.0
Episode 22:
	Train:	Steps 252	Reward: 25.0
	Eval:	Steps 378	Reward: 0.0
Episode 23:
	Train:	Steps 554	Reward: 230.0
	Eval:	Steps 378	Reward: 0.0
Episode 24:
	Train:	Steps 592	Reward: 150.0
	Eval:	Steps 726	Reward: 285.0
Episode 25:
	Train:	Steps 492	Reward: 110.0
	Eval:	Steps 726	Reward: 285.0
Episode 26:
	Train:	Steps 585	Reward: 135.0
	Eval:	Steps 726	Reward: 285.0
Episode 27:
	Train:	Steps 846	Reward: 470.0
	Eval:	Steps 538	Reward: 270.0
Episode 28:
	Train:	Steps 300	Reward: 55.0
	Eval:	Steps 726	Reward: 285.0
Episode 29:
	Train:	Steps 580	Reward: 80.0
	Eval:	Steps 693	Reward: 0.0
Episode 30:
	Train:	Steps 698	Reward: 225.0
	Eval:	Steps 726	Reward: 285.0
Episode 31:
	Train:	Steps 525	Reward: 105.0
	Eval:	Steps 693	Reward: 0.0
Episode 32:
	Train:	Steps 1002	Reward: 465.0
	Eval:	Steps 378	Reward: 0.0
Episode 33:
	Train:	Steps 479	Reward: 245.0
	Eval:	Steps 693	Reward: 0.0
Episode 34:
	Train:	Steps 332	Reward: 70.0
	Eval:	Steps 726	Reward: 285.0
Episode 35:
	Train:	Steps 324	Reward: 35.0
	Eval:	Steps 693	Reward: 0.0
Episode 36:
	Train:	Steps 515	Reward: 175.0
	Eval:	Steps 693	Reward: 0.0
Episode 37:
	Train:	Steps 804	Reward: 320.0
	Eval:	Steps 693	Reward: 0.0
Episode 38:
	Train:	Steps 418	Reward: 55.0
	Eval:	Steps 378	Reward: 0.0
Episode 39:
	Train:	Steps 441	Reward: 185.0
	Eval:	Steps 538	Reward: 270.0
Episode 40:
	Train:	Steps 555	Reward: 150.0
	Eval:	Steps 538	Reward: 270.0
Episode 41:
	Train:	Steps 797	Reward: 440.0
	Eval:	Steps 726	Reward: 285.0
Episode 42:
	Train:	Steps 296	Reward: 30.0
	Eval:	Steps 693	Reward: 0.0
Episode 43:
	Train:	Steps 512	Reward: 60.0
	Eval:	Steps 378	Reward: 0.0
Episode 44:
	Train:	Steps 558	Reward: 110.0
	Eval:	Steps 726	Reward: 285.0
Episode 45:
	Train:	Steps 928	Reward: 215.0
	Eval:	Steps 693	Reward: 0.0
Episode 46:
	Train:	Steps 538	Reward: 220.0
	Eval:	Steps 378	Reward: 0.0
Episode 47:
	Train:	Steps 320	Reward: 20.0
	Eval:	Steps 693	Reward: 0.0
Episode 48:
	Train:	Steps 458	Reward: 110.0
	Eval:	Steps 378	Reward: 0.0
Episode 49:
	Train:	Steps 264	Reward: 100.0
	Eval:	Steps 693	Reward: 0.0
Episode 50:
	Train:	Steps 523	Reward: 125.0
	Eval:	Steps 693	Reward: 0.0
Episode 51:
	Train:	Steps 412	Reward: 15.0
	Eval:	Steps 538	Reward: 270.0
Episode 52:
	Train:	Steps 285	Reward: 35.0
	Eval:	Steps 726	Reward: 285.0
Episode 53:
	Train:	Steps 484	Reward: 155.0
	Eval:	Steps 378	Reward: 0.0
Episode 54:
	Train:	Steps 604	Reward: 165.0
	Eval:	Steps 378	Reward: 0.0
Episode 55:
	Train:	Steps 571	Reward: 150.0
	Eval:	Steps 378	Reward: 0.0
Episode 56:
	Train:	Steps 300	Reward: 10.0
	Eval:	Steps 538	Reward: 270.0
Episode 57:
	Train:	Steps 469	Reward: 130.0
	Eval:	Steps 726	Reward: 285.0
Episode 58:
	Train:	Steps 485	Reward: 85.0
	Eval:	Steps 693	Reward: 0.0
Episode 59:
	Train:	Steps 465	Reward: 70.0
	Eval:	Steps 726	Reward: 285.0
Episode 60:
	Train:	Steps 587	Reward: 135.0
	Eval:	Steps 726	Reward: 285.0
Episode 61:
	Train:	Steps 426	Reward: 40.0
	Eval:	Steps 378	Reward: 0.0
Episode 62:
	Train:	Steps 926	Reward: 230.0
	Eval:	Steps 693	Reward: 0.0
Episode 63:
	Train:	Steps 611	Reward: 210.0
	Eval:	Steps 378	Reward: 0.0
Episode 64:
	Train:	Steps 688	Reward: 365.0
	Eval:	Steps 726	Reward: 285.0
Episode 65:
	Train:	Steps 862	Reward: 375.0
	Eval:	Steps 726	Reward: 285.0
Episode 66:
	Train:	Steps 555	Reward: 135.0
	Eval:	Steps 378	Reward: 0.0
Episode 67:
	Train:	Steps 542	Reward: 100.0
	Eval:	Steps 726	Reward: 285.0
Episode 68:
	Train:	Steps 472	Reward: 125.0
	Eval:	Steps 693	Reward: 0.0
Episode 69:
	Train:	Steps 478	Reward: 105.0
	Eval:	Steps 378	Reward: 0.0
Episode 70:
	Train:	Steps 488	Reward: 185.0
	Eval:	Steps 693	Reward: 0.0
Episode 71:
	Train:	Steps 583	Reward: 120.0
	Eval:	Steps 726	Reward: 285.0
Episode 72:
	Train:	Steps 809	Reward: 335.0
	Eval:	Steps 693	Reward: 0.0
Episode 73:
	Train:	Steps 980	Reward: 580.0
	Eval:	Steps 693	Reward: 0.0
Episode 74:
	Train:	Steps 292	Reward: 5.0
	Eval:	Steps 693	Reward: 0.0
Episode 75:
	Train:	Steps 435	Reward: 105.0
	Eval:	Steps 726	Reward: 285.0
Episode 76:
	Train:	Steps 639	Reward: 200.0
	Eval:	Steps 693	Reward: 0.0
Episode 77:
	Train:	Steps 948	Reward: 345.0
	Eval:	Steps 693	Reward: 0.0
Episode 78:
	Train:	Steps 668	Reward: 260.0
	Eval:	Steps 693	Reward: 0.0
Episode 79:
	Train:	Steps 507	Reward: 160.0
	Eval:	Steps 693	Reward: 0.0
Episode 80:
	Train:	Steps 501	Reward: 195.0
	Eval:	Steps 693	Reward: 0.0
Episode 81:
	Train:	Steps 815	Reward: 350.0
	Eval:	Steps 378	Reward: 0.0
Episode 82:
	Train:	Steps 362	Reward: 95.0
	Eval:	Steps 693	Reward: 0.0
Episode 83:
	Train:	Steps 309	Reward: 105.0
	Eval:	Steps 726	Reward: 285.0
Episode 84:
	Train:	Steps 475	Reward: 115.0
	Eval:	Steps 538	Reward: 270.0
Episode 85:
	Train:	Steps 369	Reward: 45.0
	Eval:	Steps 726	Reward: 285.0
Episode 86:
	Train:	Steps 252	Reward: 15.0
	Eval:	Steps 726	Reward: 285.0
Episode 87:
	Train:	Steps 720	Reward: 265.0
	Eval:	Steps 726	Reward: 285.0
Episode 88:
	Train:	Steps 423	Reward: 85.0
	Eval:	Steps 693	Reward: 0.0
Episode 89:
	Train:	Steps 526	Reward: 140.0
	Eval:	Steps 538	Reward: 270.0
Episode 90:
	Train:	Steps 648	Reward: 265.0
	Eval:	Steps 693	Reward: 0.0
Episode 91:
	Train:	Steps 685	Reward: 365.0
	Eval:	Steps 693	Reward: 0.0
Episode 92:
	Train:	Steps 721	Reward: 250.0
	Eval:	Steps 693	Reward: 0.0
Episode 93:
	Train:	Steps 499	Reward: 195.0
	Eval:	Steps 726	Reward: 285.0
Episode 94:
	Train:	Steps 1161	Reward: 485.0
	Eval:	Steps 538	Reward: 270.0
Episode 95:
	Train:	Steps 595	Reward: 145.0
	Eval:	Steps 693	Reward: 0.0
Episode 96:
	Train:	Steps 492	Reward: 155.0
	Eval:	Steps 726	Reward: 285.0
Episode 97:
	Train:	Steps 458	Reward: 110.0
	Eval:	Steps 378	Reward: 0.0
Episode 98:
	Train:	Steps 443	Reward: 135.0
	Eval:	Steps 726	Reward: 285.0
Episode 99:
	Train:	Steps 365	Reward: 105.0
	Eval:	Steps 693	Reward: 0.0
Episode 100:
	Train:	Steps 695	Reward: 175.0
	Eval:	Steps 693	Reward: 0.0
Episode 101:
	Train:	Steps 511	Reward: 150.0
	Eval:	Steps 378	Reward: 0.0
Episode 102:
	Train:	Steps 251	Reward: 25.0
	Eval:	Steps 693	Reward: 0.0
Episode 103:
	Train:	Steps 473	Reward: 80.0
	Eval:	Steps 538	Reward: 270.0
Episode 104:
	Train:	Steps 1093	Reward: 305.0
	Eval:	Steps 378	Reward: 0.0
Episode 105:
	Train:	Steps 514	Reward: 175.0
	Eval:	Steps 726	Reward: 285.0
Episode 106:
	Train:	Steps 496	Reward: 165.0
	Eval:	Steps 693	Reward: 0.0
Episode 107:
	Train:	Steps 606	Reward: 155.0
	Eval:	Steps 378	Reward: 0.0
Episode 108:
	Train:	Steps 384	Reward: 50.0
	Eval:	Steps 726	Reward: 285.0
Episode 109:
	Train:	Steps 484	Reward: 30.0
	Eval:	Steps 726	Reward: 285.0
Episode 110:
	Train:	Steps 590	Reward: 155.0
	Eval:	Steps 378	Reward: 0.0
Episode 111:
	Train:	Steps 521	Reward: 105.0
	Eval:	Steps 726	Reward: 285.0
Episode 112:
	Train:	Steps 476	Reward: 120.0
	Eval:	Steps 538	Reward: 270.0
Episode 113:
	Train:	Steps 562	Reward: 305.0
	Eval:	Steps 726	Reward: 285.0
Episode 114:
	Train:	Steps 351	Reward: 120.0
	Eval:	Steps 538	Reward: 270.0
Episode 115:
	Train:	Steps 294	Reward: 110.0
	Eval:	Steps 693	Reward: 0.0
Episode 116:
	Train:	Steps 616	Reward: 125.0
	Eval:	Steps 538	Reward: 270.0
Episode 117:
	Train:	Steps 707	Reward: 235.0
	Eval:	Steps 538	Reward: 270.0
Episode 118:
	Train:	Steps 579	Reward: 125.0
	Eval:	Steps 538	Reward: 270.0
Episode 119:
	Train:	Steps 482	Reward: 70.0
	Eval:	Steps 726	Reward: 285.0
Episode 120:
	Train:	Steps 512	Reward: 110.0
	Eval:	Steps 538	Reward: 270.0
Episode 121:
	Train:	Steps 524	Reward: 165.0
	Eval:	Steps 726	Reward: 285.0
Episode 122:
	Train:	Steps 726	Reward: 245.0
	Eval:	Steps 693	Reward: 0.0
Episode 123:
	Train:	Steps 540	Reward: 125.0
	Eval:	Steps 378	Reward: 0.0
Episode 124:
	Train:	Steps 308	Reward: 40.0
	Eval:	Steps 378	Reward: 0.0
Episode 125:
	Train:	Steps 717	Reward: 220.0
	Eval:	Steps 538	Reward: 270.0
Episode 126:
	Train:	Steps 287	Reward: 55.0
	Eval:	Steps 693	Reward: 0.0
Episode 127:
	Train:	Steps 617	Reward: 415.0
	Eval:	Steps 538	Reward: 270.0
Episode 128:
	Train:	Steps 890	Reward: 155.0
	Eval:	Steps 538	Reward: 270.0
Episode 129:
	Train:	Steps 481	Reward: 110.0
	Eval:	Steps 693	Reward: 0.0
Episode 130:
	Train:	Steps 282	Reward: 45.0
	Eval:	Steps 538	Reward: 270.0
Episode 131:
	Train:	Steps 734	Reward: 360.0
	Eval:	Steps 693	Reward: 0.0
Episode 132:
	Train:	Steps 308	Reward: 75.0
	Eval:	Steps 726	Reward: 285.0
Episode 133:
	Train:	Steps 612	Reward: 225.0
	Eval:	Steps 726	Reward: 285.0
Episode 134:
	Train:	Steps 1391	Reward: 580.0
	Eval:	Steps 693	Reward: 0.0
Episode 135:
	Train:	Steps 310	Reward: 55.0
	Eval:	Steps 538	Reward: 270.0
Episode 136:
	Train:	Steps 318	Reward: 55.0
	Eval:	Steps 726	Reward: 285.0
Episode 137:
	Train:	Steps 971	Reward: 175.0
	Eval:	Steps 378	Reward: 0.0
Episode 138:
	Train:	Steps 396	Reward: 140.0
	Eval:	Steps 378	Reward: 0.0
Episode 139:
	Train:	Steps 264	Reward: 50.0
	Eval:	Steps 693	Reward: 0.0
Episode 140:
	Train:	Steps 977	Reward: 655.0
	Eval:	Steps 693	Reward: 0.0
Episode 141:
	Train:	Steps 498	Reward: 100.0
	Eval:	Steps 726	Reward: 285.0
Episode 142:
	Train:	Steps 359	Reward: 50.0
	Eval:	Steps 378	Reward: 0.0
Episode 143:
	Train:	Steps 509	Reward: 120.0
	Eval:	Steps 726	Reward: 285.0
Episode 144:
	Train:	Steps 695	Reward: 255.0
	Eval:	Steps 538	Reward: 270.0
Episode 145:
	Train:	Steps 373	Reward: 75.0
	Eval:	Steps 726	Reward: 285.0
Episode 146:
	Train:	Steps 1009	Reward: 230.0
	Eval:	Steps 693	Reward: 0.0
Episode 147:
	Train:	Steps 469	Reward: 105.0
	Eval:	Steps 693	Reward: 0.0
Episode 148:
	Train:	Steps 281	Reward: 80.0
	Eval:	Steps 693	Reward: 0.0
Episode 149:
	Train:	Steps 505	Reward: 105.0
	Eval:	Steps 538	Reward: 270.0
Episode 150:
	Train:	Steps 509	Reward: 140.0
	Eval:	Steps 693	Reward: 0.0
Episode 151:
	Train:	Steps 836	Reward: 185.0
	Eval:	Steps 693	Reward: 0.0
Episode 152:
	Train:	Steps 478	Reward: 95.0
	Eval:	Steps 378	Reward: 0.0
Episode 153:
	Train:	Steps 285	Reward: 30.0
	Eval:	Steps 726	Reward: 285.0
Episode 154:
	Train:	Steps 756	Reward: 345.0
	Eval:	Steps 538	Reward: 270.0
Episode 155:
	Train:	Steps 781	Reward: 230.0
	Eval:	Steps 378	Reward: 0.0
Episode 156:
	Train:	Steps 731	Reward: 270.0
	Eval:	Steps 726	Reward: 285.0
Episode 157:
	Train:	Steps 868	Reward: 145.0
	Eval:	Steps 726	Reward: 285.0
Episode 158:
	Train:	Steps 836	Reward: 215.0
	Eval:	Steps 693	Reward: 0.0
Episode 159:
	Train:	Steps 465	Reward: 125.0
	Eval:	Steps 726	Reward: 285.0
Episode 160:
	Train:	Steps 492	Reward: 105.0
	Eval:	Steps 693	Reward: 0.0
Episode 161:
	Train:	Steps 611	Reward: 120.0
	Eval:	Steps 726	Reward: 285.0
Episode 162:
	Train:	Steps 439	Reward: 75.0
	Eval:	Steps 378	Reward: 0.0
Episode 163:
	Train:	Steps 596	Reward: 200.0
	Eval:	Steps 538	Reward: 270.0
Episode 164:
	Train:	Steps 540	Reward: 290.0
	Eval:	Steps 538	Reward: 270.0
Episode 165:
	Train:	Steps 532	Reward: 130.0
	Eval:	Steps 726	Reward: 285.0
Episode 166:
	Train:	Steps 948	Reward: 180.0
	Eval:	Steps 538	Reward: 270.0
Episode 167:
	Train:	Steps 598	Reward: 400.0
	Eval:	Steps 693	Reward: 0.0
Episode 168:
	Train:	Steps 492	Reward: 170.0
	Eval:	Steps 378	Reward: 0.0
Episode 169:
	Train:	Steps 711	Reward: 145.0
	Eval:	Steps 538	Reward: 270.0
Episode 170:
	Train:	Steps 889	Reward: 400.0
	Eval:	Steps 693	Reward: 0.0
Episode 171:
	Train:	Steps 519	Reward: 175.0
	Eval:	Steps 538	Reward: 270.0
Episode 172:
	Train:	Steps 604	Reward: 240.0
	Eval:	Steps 726	Reward: 285.0
Episode 173:
	Train:	Steps 491	Reward: 95.0
	Eval:	Steps 693	Reward: 0.0
Episode 174:
	Train:	Steps 579	Reward: 105.0
	Eval:	Steps 693	Reward: 0.0
Episode 175:
	Train:	Steps 515	Reward: 165.0
	Eval:	Steps 538	Reward: 270.0
Episode 176:
	Train:	Steps 719	Reward: 485.0
	Eval:	Steps 693	Reward: 0.0
Episode 177:
	Train:	Steps 492	Reward: 110.0
	Eval:	Steps 378	Reward: 0.0
Episode 178:
	Train:	Steps 736	Reward: 190.0
	Eval:	Steps 378	Reward: 0.0
Episode 179:
	Train:	Steps 278	Reward: 40.0
	Eval:	Steps 538	Reward: 270.0
Episode 180:
	Train:	Steps 482	Reward: 110.0
	Eval:	Steps 693	Reward: 0.0
Episode 181:
	Train:	Steps 496	Reward: 105.0
	Eval:	Steps 726	Reward: 285.0
Episode 182:
	Train:	Steps 1068	Reward: 540.0
	Eval:	Steps 693	Reward: 0.0
Episode 183:
	Train:	Steps 302	Reward: 15.0
	Eval:	Steps 378	Reward: 0.0
Episode 184:
	Train:	Steps 472	Reward: 110.0
	Eval:	Steps 693	Reward: 0.0
Episode 185:
	Train:	Steps 509	Reward: 145.0
	Eval:	Steps 726	Reward: 285.0
Episode 186:
	Train:	Steps 2056	Reward: 945.0
	Eval:	Steps 726	Reward: 285.0
Episode 187:
	Train:	Steps 777	Reward: 415.0
	Eval:	Steps 538	Reward: 270.0
Episode 188:
	Train:	Steps 278	Reward: 30.0
	Eval:	Steps 726	Reward: 285.0
Episode 189:
	Train:	Steps 348	Reward: 80.0
	Eval:	Steps 378	Reward: 0.0
Episode 190:
	Train:	Steps 765	Reward: 280.0
	Eval:	Steps 378	Reward: 0.0
Episode 191:
	Train:	Steps 704	Reward: 170.0
	Eval:	Steps 726	Reward: 285.0
Episode 192:
	Train:	Steps 482	Reward: 75.0
	Eval:	Steps 726	Reward: 285.0
Episode 193:
	Train:	Steps 620	Reward: 160.0
	Eval:	Steps 693	Reward: 0.0
Episode 194:
	Train:	Steps 608	Reward: 155.0
	Eval:	Steps 693	Reward: 0.0
Episode 195:
	Train:	Steps 396	Reward: 105.0
	Eval:	Steps 693	Reward: 0.0
Episode 196:
	Train:	Steps 953	Reward: 275.0
	Eval:	Steps 726	Reward: 285.0
Episode 197:
	Train:	Steps 596	Reward: 135.0
	Eval:	Steps 378	Reward: 0.0
Episode 198:
	Train:	Steps 468	Reward: 120.0
	Eval:	Steps 726	Reward: 285.0
Episode 199:
	Train:	Steps 591	Reward: 65.0
	Eval:	Steps 693	Reward: 0.0
Episode 200:
	Train:	Steps 703	Reward: 380.0
	Eval:	Steps 726	Reward: 285.0
Episode 201:
	Train:	Steps 502	Reward: 120.0
	Eval:	Steps 538	Reward: 270.0
Episode 202:
	Train:	Steps 616	Reward: 180.0
	Eval:	Steps 726	Reward: 285.0
Episode 203:
	Train:	Steps 534	Reward: 165.0
	Eval:	Steps 378	Reward: 0.0
Episode 204:
	Train:	Steps 521	Reward: 290.0
	Eval:	Steps 726	Reward: 285.0
Episode 205:
	Train:	Steps 923	Reward: 315.0
	Eval:	Steps 378	Reward: 0.0
Episode 206:
	Train:	Steps 303	Reward: 75.0
	Eval:	Steps 726	Reward: 285.0
Episode 207:
	Train:	Steps 600	Reward: 130.0
	Eval:	Steps 378	Reward: 0.0
Episode 208:
	Train:	Steps 252	Reward: 10.0
	Eval:	Steps 693	Reward: 0.0
Episode 209:
	Train:	Steps 596	Reward: 135.0
	Eval:	Steps 693	Reward: 0.0
Episode 210:
	Train:	Steps 725	Reward: 540.0
	Eval:	Steps 726	Reward: 285.0
Episode 211:
	Train:	Steps 949	Reward: 575.0
	Eval:	Steps 538	Reward: 270.0
Episode 212:
	Train:	Steps 643	Reward: 445.0
	Eval:	Steps 726	Reward: 285.0
Episode 213:
	Train:	Steps 1270	Reward: 380.0
	Eval:	Steps 538	Reward: 270.0
Episode 214:
	Train:	Steps 594	Reward: 380.0
	Eval:	Steps 726	Reward: 285.0
Episode 215:
	Train:	Steps 558	Reward: 125.0
	Eval:	Steps 693	Reward: 0.0
Episode 216:
	Train:	Steps 592	Reward: 155.0
	Eval:	Steps 538	Reward: 270.0
Episode 217:
	Train:	Steps 1134	Reward: 275.0
	Eval:	Steps 693	Reward: 0.0
Episode 218:
	Train:	Steps 542	Reward: 110.0
	Eval:	Steps 378	Reward: 0.0
Episode 219:
	Train:	Steps 637	Reward: 210.0
	Eval:	Steps 726	Reward: 285.0
Episode 220:
	Train:	Steps 466	Reward: 110.0
	Eval:	Steps 538	Reward: 270.0
Episode 221:
	Train:	Steps 654	Reward: 265.0
	Eval:	Steps 538	Reward: 270.0
Episode 222:
	Train:	Steps 477	Reward: 140.0
	Eval:	Steps 693	Reward: 0.0
Episode 223:
	Train:	Steps 630	Reward: 315.0
	Eval:	Steps 378	Reward: 0.0
Episode 224:
	Train:	Steps 361	Reward: 110.0
	Eval:	Steps 726	Reward: 285.0
Episode 225:
	Train:	Steps 512	Reward: 140.0
	Eval:	Steps 538	Reward: 270.0
Episode 226:
	Train:	Steps 600	Reward: 205.0
	Eval:	Steps 378	Reward: 0.0
Episode 227:
	Train:	Steps 477	Reward: 175.0
	Eval:	Steps 726	Reward: 285.0
Episode 228:
	Train:	Steps 1185	Reward: 185.0
	Eval:	Steps 538	Reward: 270.0
Episode 229:
	Train:	Steps 402	Reward: 110.0
	Eval:	Steps 378	Reward: 0.0
Episode 230:
	Train:	Steps 816	Reward: 310.0
	Eval:	Steps 726	Reward: 285.0
Episode 231:
	Train:	Steps 1219	Reward: 600.0
	Eval:	Steps 726	Reward: 285.0
Episode 232:
	Train:	Steps 755	Reward: 105.0
	Eval:	Steps 726	Reward: 285.0
Episode 233:
	Train:	Steps 926	Reward: 165.0
	Eval:	Steps 726	Reward: 285.0
Episode 234:
	Train:	Steps 513	Reward: 195.0
	Eval:	Steps 378	Reward: 0.0
Episode 235:
	Train:	Steps 491	Reward: 140.0
	Eval:	Steps 693	Reward: 0.0
Episode 236:
	Train:	Steps 589	Reward: 185.0
	Eval:	Steps 538	Reward: 270.0
Episode 237:
	Train:	Steps 991	Reward: 535.0
	Eval:	Steps 378	Reward: 0.0
Episode 238:
	Train:	Steps 963	Reward: 220.0
	Eval:	Steps 726	Reward: 285.0
Episode 239:
	Train:	Steps 538	Reward: 230.0
	Eval:	Steps 378	Reward: 0.0
Episode 240:
	Train:	Steps 517	Reward: 190.0
	Eval:	Steps 538	Reward: 270.0
Episode 241:
	Train:	Steps 613	Reward: 120.0
	Eval:	Steps 726	Reward: 285.0
Episode 242:
	Train:	Steps 405	Reward: 95.0
	Eval:	Steps 538	Reward: 270.0
Episode 243:
	Train:	Steps 517	Reward: 105.0
	Eval:	Steps 538	Reward: 270.0
Episode 244:
	Train:	Steps 638	Reward: 315.0
	Eval:	Steps 726	Reward: 285.0
Episode 245:
	Train:	Steps 519	Reward: 80.0
	Eval:	Steps 693	Reward: 0.0
Episode 246:
	Train:	Steps 571	Reward: 120.0
	Eval:	Steps 726	Reward: 285.0
Episode 247:
	Train:	Steps 553	Reward: 215.0
	Eval:	Steps 726	Reward: 285.0
Episode 248:
	Train:	Steps 625	Reward: 120.0
	Eval:	Steps 693	Reward: 0.0
Episode 249:
	Train:	Steps 1033	Reward: 520.0
	Eval:	Steps 538	Reward: 270.0
Episode 250:
	Train:	Steps 607	Reward: 195.0
	Eval:	Steps 726	Reward: 285.0
Episode 251:
	Train:	Steps 470	Reward: 175.0
	Eval:	Steps 378	Reward: 0.0
Episode 252:
	Train:	Steps 859	Reward: 200.0
	Eval:	Steps 693	Reward: 0.0
Episode 253:
	Train:	Steps 623	Reward: 210.0
	Eval:	Steps 726	Reward: 285.0
Episode 254:
	Train:	Steps 483	Reward: 45.0
	Eval:	Steps 726	Reward: 285.0
Episode 255:
	Train:	Steps 668	Reward: 240.0
	Eval:	Steps 726	Reward: 285.0
Episode 256:
	Train:	Steps 724	Reward: 365.0
	Eval:	Steps 726	Reward: 285.0
Episode 257:
	Train:	Steps 1130	Reward: 335.0
	Eval:	Steps 726	Reward: 285.0
Episode 258:
	Train:	Steps 622	Reward: 215.0
	Eval:	Steps 693	Reward: 0.0
Episode 259:
	Train:	Steps 506	Reward: 155.0
	Eval:	Steps 538	Reward: 270.0
Episode 260:
	Train:	Steps 637	Reward: 225.0
	Eval:	Steps 538	Reward: 270.0
Episode 261:
	Train:	Steps 684	Reward: 245.0
	Eval:	Steps 726	Reward: 285.0
Episode 262:
	Train:	Steps 641	Reward: 210.0
	Eval:	Steps 726	Reward: 285.0
Episode 263:
	Train:	Steps 485	Reward: 160.0
	Eval:	Steps 693	Reward: 0.0
Episode 264:
	Train:	Steps 605	Reward: 380.0
	Eval:	Steps 726	Reward: 285.0
Episode 265:
	Train:	Steps 493	Reward: 70.0
	Eval:	Steps 726	Reward: 285.0
Episode 266:
	Train:	Steps 639	Reward: 210.0
	Eval:	Steps 378	Reward: 0.0
Episode 267:
	Train:	Steps 511	Reward: 90.0
	Eval:	Steps 726	Reward: 285.0
Episode 268:
	Train:	Steps 612	Reward: 140.0
	Eval:	Steps 538	Reward: 270.0
Episode 269:
	Train:	Steps 690	Reward: 390.0
	Eval:	Steps 726	Reward: 285.0
Episode 270:
	Train:	Steps 647	Reward: 185.0
	Eval:	Steps 693	Reward: 0.0
Episode 271:
	Train:	Steps 658	Reward: 135.0
	Eval:	Steps 693	Reward: 0.0
Episode 272:
	Train:	Steps 500	Reward: 105.0
	Eval:	Steps 726	Reward: 285.0
Episode 273:
	Train:	Steps 1104	Reward: 600.0
	Eval:	Steps 693	Reward: 0.0
Episode 274:
	Train:	Steps 459	Reward: 150.0
	Eval:	Steps 726	Reward: 285.0
Episode 275:
	Train:	Steps 1317	Reward: 420.0
	Eval:	Steps 726	Reward: 285.0
Episode 276:
	Train:	Steps 397	Reward: 110.0
	Eval:	Steps 538	Reward: 270.0
Episode 277:
	Train:	Steps 603	Reward: 205.0
	Eval:	Steps 726	Reward: 285.0
Episode 278:
	Train:	Steps 742	Reward: 470.0
	Eval:	Steps 726	Reward: 285.0
Episode 279:
	Train:	Steps 372	Reward: 35.0
	Eval:	Steps 538	Reward: 270.0
Episode 280:
	Train:	Steps 382	Reward: 70.0
	Eval:	Steps 378	Reward: 0.0
Episode 281:
	Train:	Steps 1071	Reward: 700.0
	Eval:	Steps 726	Reward: 285.0
Episode 282:
	Train:	Steps 737	Reward: 305.0
	Eval:	Steps 726	Reward: 285.0
Episode 283:
	Train:	Steps 768	Reward: 215.0
	Eval:	Steps 726	Reward: 285.0
Episode 284:
	Train:	Steps 528	Reward: 215.0
	Eval:	Steps 693	Reward: 0.0
Episode 285:
	Train:	Steps 664	Reward: 235.0
	Eval:	Steps 726	Reward: 285.0
Episode 286:
	Train:	Steps 399	Reward: 105.0
	Eval:	Steps 378	Reward: 0.0
Episode 287:
	Train:	Steps 718	Reward: 160.0
	Eval:	Steps 726	Reward: 285.0
Episode 288:
	Train:	Steps 693	Reward: 285.0
	Eval:	Steps 726	Reward: 285.0
Episode 289:
	Train:	Steps 495	Reward: 155.0
	Eval:	Steps 538	Reward: 270.0
Episode 290:
	Train:	Steps 1059	Reward: 275.0
	Eval:	Steps 538	Reward: 270.0
Episode 291:
	Train:	Steps 1014	Reward: 330.0
	Eval:	Steps 726	Reward: 285.0
Episode 292:
	Train:	Steps 976	Reward: 155.0
	Eval:	Steps 693	Reward: 0.0
Episode 293:
	Train:	Steps 939	Reward: 115.0
	Eval:	Steps 693	Reward: 0.0
Episode 294:
	Train:	Steps 869	Reward: 445.0
	Eval:	Steps 378	Reward: 0.0
Episode 295:
	Train:	Steps 516	Reward: 110.0
	Eval:	Steps 726	Reward: 285.0
Episode 296:
	Train:	Steps 795	Reward: 230.0
	Eval:	Steps 378	Reward: 0.0
Episode 297:
	Train:	Steps 764	Reward: 410.0
	Eval:	Steps 538	Reward: 270.0
Episode 298:
	Train:	Steps 498	Reward: 120.0
	Eval:	Steps 726	Reward: 285.0
Episode 299:
	Train:	Steps 477	Reward: 115.0
	Eval:	Steps 538	Reward: 270.0
Episode 300:
	Train:	Steps 505	Reward: 140.0
	Eval:	Steps 693	Reward: 0.0
Episode 301:
	Train:	Steps 1052	Reward: 265.0
	Eval:	Steps 726	Reward: 285.0
Episode 302:
	Train:	Steps 592	Reward: 135.0
	Eval:	Steps 538	Reward: 270.0
Episode 303:
	Train:	Steps 785	Reward: 235.0
	Eval:	Steps 538	Reward: 270.0
Episode 304:
	Train:	Steps 743	Reward: 130.0
	Eval:	Steps 726	Reward: 285.0
Episode 305:
	Train:	Steps 385	Reward: 115.0
	Eval:	Steps 378	Reward: 0.0
Episode 306:
	Train:	Steps 584	Reward: 210.0
	Eval:	Steps 726	Reward: 285.0
Episode 307:
	Train:	Steps 432	Reward: 85.0
	Eval:	Steps 378	Reward: 0.0
Episode 308:
	Train:	Steps 498	Reward: 120.0
	Eval:	Steps 726	Reward: 285.0
Episode 309:
	Train:	Steps 929	Reward: 165.0
	Eval:	Steps 726	Reward: 285.0
Episode 310:
	Train:	Steps 560	Reward: 310.0
	Eval:	Steps 378	Reward: 0.0
Episode 311:
	Train:	Steps 739	Reward: 420.0
	Eval:	Steps 726	Reward: 285.0
Episode 312:
	Train:	Steps 545	Reward: 110.0
	Eval:	Steps 538	Reward: 270.0
Episode 313:
	Train:	Steps 612	Reward: 230.0
	Eval:	Steps 726	Reward: 285.0
Episode 314:
	Train:	Steps 609	Reward: 180.0
	Eval:	Steps 726	Reward: 285.0
Episode 315:
	Train:	Steps 509	Reward: 105.0
	Eval:	Steps 726	Reward: 285.0
Episode 316:
	Train:	Steps 962	Reward: 215.0
	Eval:	Steps 726	Reward: 285.0
Episode 317:
	Train:	Steps 451	Reward: 150.0
	Eval:	Steps 693	Reward: 0.0
Episode 318:
	Train:	Steps 829	Reward: 525.0
	Eval:	Steps 693	Reward: 0.0
Episode 319:
	Train:	Steps 497	Reward: 175.0
	Eval:	Steps 538	Reward: 270.0
Episode 320:
	Train:	Steps 298	Reward: 45.0
	Eval:	Steps 378	Reward: 0.0
Episode 321:
	Train:	Steps 480	Reward: 65.0
	Eval:	Steps 538	Reward: 270.0
Episode 322:
	Train:	Steps 982	Reward: 255.0
	Eval:	Steps 538	Reward: 270.0
Episode 323:
	Train:	Steps 689	Reward: 285.0
	Eval:	Steps 726	Reward: 285.0
Episode 324:
	Train:	Steps 706	Reward: 175.0
	Eval:	Steps 726	Reward: 285.0
Episode 325:
	Train:	Steps 934	Reward: 155.0
	Eval:	Steps 726	Reward: 285.0
Episode 326:
	Train:	Steps 814	Reward: 390.0
	Eval:	Steps 726	Reward: 285.0
Episode 327:
	Train:	Steps 503	Reward: 75.0
	Eval:	Steps 726	Reward: 285.0
Episode 328:
	Train:	Steps 502	Reward: 210.0
	Eval:	Steps 693	Reward: 0.0
Episode 329:
	Train:	Steps 710	Reward: 185.0
	Eval:	Steps 538	Reward: 270.0
Episode 330:
	Train:	Steps 596	Reward: 160.0
	Eval:	Steps 726	Reward: 285.0
Episode 331:
	Train:	Steps 489	Reward: 110.0
	Eval:	Steps 726	Reward: 285.0
Episode 332:
	Train:	Steps 327	Reward: 25.0
	Eval:	Steps 693	Reward: 0.0
Episode 333:
	Train:	Steps 697	Reward: 255.0
	Eval:	Steps 726	Reward: 285.0
Episode 334:
	Train:	Steps 931	Reward: 180.0
	Eval:	Steps 693	Reward: 0.0
Episode 335:
	Train:	Steps 968	Reward: 210.0
	Eval:	Steps 693	Reward: 0.0
Episode 336:
	Train:	Steps 485	Reward: 170.0
	Eval:	Steps 538	Reward: 270.0
Episode 337:
	Train:	Steps 684	Reward: 255.0
	Eval:	Steps 538	Reward: 270.0
Episode 338:
	Train:	Steps 736	Reward: 365.0
	Eval:	Steps 726	Reward: 285.0
Episode 339:
	Train:	Steps 610	Reward: 210.0
	Eval:	Steps 726	Reward: 285.0
Episode 340:
	Train:	Steps 609	Reward: 210.0
	Eval:	Steps 726	Reward: 285.0
Episode 341:
	Train:	Steps 429	Reward: 110.0
	Eval:	Steps 726	Reward: 285.0
Episode 342:
	Train:	Steps 1034	Reward: 280.0
	Eval:	Steps 726	Reward: 285.0
Episode 343:
	Train:	Steps 615	Reward: 255.0
	Eval:	Steps 538	Reward: 270.0
Episode 344:
	Train:	Steps 678	Reward: 180.0
	Eval:	Steps 538	Reward: 270.0
Episode 345:
	Train:	Steps 628	Reward: 260.0
	Eval:	Steps 726	Reward: 285.0
Episode 346:
	Train:	Steps 1406	Reward: 685.0
	Eval:	Steps 538	Reward: 270.0
Episode 347:
	Train:	Steps 768	Reward: 335.0
	Eval:	Steps 538	Reward: 270.0
Episode 348:
	Train:	Steps 714	Reward: 385.0
	Eval:	Steps 693	Reward: 0.0
Episode 349:
	Train:	Steps 604	Reward: 160.0
	Eval:	Steps 538	Reward: 270.0
Episode 350:
	Train:	Steps 504	Reward: 190.0
	Eval:	Steps 726	Reward: 285.0
Episode 351:
	Train:	Steps 782	Reward: 265.0
	Eval:	Steps 378	Reward: 0.0
Episode 352:
	Train:	Steps 481	Reward: 105.0
	Eval:	Steps 693	Reward: 0.0
Episode 353:
	Train:	Steps 495	Reward: 120.0
	Eval:	Steps 726	Reward: 285.0
Episode 354:
	Train:	Steps 850	Reward: 185.0
	Eval:	Steps 726	Reward: 285.0
Episode 355:
	Train:	Steps 602	Reward: 190.0
	Eval:	Steps 726	Reward: 285.0
Episode 356:
	Train:	Steps 1287	Reward: 745.0
	Eval:	Steps 538	Reward: 270.0
Episode 357:
	Train:	Steps 607	Reward: 155.0
	Eval:	Steps 693	Reward: 0.0
Episode 358:
	Train:	Steps 484	Reward: 105.0
	Eval:	Steps 538	Reward: 270.0
Episode 359:
	Train:	Steps 530	Reward: 230.0
	Eval:	Steps 726	Reward: 285.0
Episode 360:
	Train:	Steps 1055	Reward: 175.0
	Eval:	Steps 538	Reward: 270.0
Episode 361:
	Train:	Steps 524	Reward: 150.0
	Eval:	Steps 693	Reward: 0.0
Episode 362:
	Train:	Steps 492	Reward: 155.0
	Eval:	Steps 378	Reward: 0.0
Episode 363:
	Train:	Steps 472	Reward: 90.0
	Eval:	Steps 726	Reward: 285.0
Episode 364:
	Train:	Steps 1062	Reward: 250.0
	Eval:	Steps 693	Reward: 0.0
Episode 365:
	Train:	Steps 991	Reward: 185.0
	Eval:	Steps 726	Reward: 285.0
Episode 366:
	Train:	Steps 973	Reward: 295.0
	Eval:	Steps 726	Reward: 285.0
Episode 367:
	Train:	Steps 820	Reward: 225.0
	Eval:	Steps 726	Reward: 285.0
Episode 368:
	Train:	Steps 468	Reward: 205.0
	Eval:	Steps 726	Reward: 285.0
Episode 369:
	Train:	Steps 1205	Reward: 430.0
	Eval:	Steps 726	Reward: 285.0
Episode 370:
	Train:	Steps 955	Reward: 150.0
	Eval:	Steps 378	Reward: 0.0
Episode 371:
	Train:	Steps 513	Reward: 155.0
	Eval:	Steps 693	Reward: 0.0
Episode 372:
	Train:	Steps 725	Reward: 10.0
	Eval:	Steps 538	Reward: 270.0
Episode 373:
	Train:	Steps 715	Reward: 220.0
	Eval:	Steps 726	Reward: 285.0
Episode 374:
	Train:	Steps 732	Reward: 415.0
	Eval:	Steps 726	Reward: 285.0
Episode 375:
	Train:	Steps 579	Reward: 155.0
	Eval:	Steps 693	Reward: 0.0
Episode 376:
	Train:	Steps 280	Reward: 40.0
	Eval:	Steps 726	Reward: 285.0
Episode 377:
	Train:	Steps 522	Reward: 85.0
	Eval:	Steps 726	Reward: 285.0
Episode 378:
	Train:	Steps 501	Reward: 105.0
	Eval:	Steps 538	Reward: 270.0
Episode 379:
	Train:	Steps 797	Reward: 295.0
	Eval:	Steps 726	Reward: 285.0
Episode 380:
	Train:	Steps 514	Reward: 220.0
	Eval:	Steps 538	Reward: 270.0
Episode 381:
	Train:	Steps 995	Reward: 540.0
	Eval:	Steps 693	Reward: 0.0
Episode 382:
	Train:	Steps 675	Reward: 15.0
	Eval:	Steps 726	Reward: 285.0
Episode 383:
	Train:	Steps 590	Reward: 210.0
	Eval:	Steps 538	Reward: 270.0
Episode 384:
	Train:	Steps 808	Reward: 195.0
	Eval:	Steps 726	Reward: 285.0
Episode 385:
	Train:	Steps 852	Reward: 315.0
	Eval:	Steps 538	Reward: 270.0
Episode 386:
	Train:	Steps 660	Reward: 180.0
	Eval:	Steps 726	Reward: 285.0
Episode 387:
	Train:	Steps 1086	Reward: 340.0
	Eval:	Steps 726	Reward: 285.0
Episode 388:
	Train:	Steps 975	Reward: 220.0
	Eval:	Steps 726	Reward: 285.0
Episode 389:
	Train:	Steps 942	Reward: 105.0
	Eval:	Steps 726	Reward: 285.0
Episode 390:
	Train:	Steps 643	Reward: 265.0
	Eval:	Steps 693	Reward: 0.0
Episode 391:
	Train:	Steps 614	Reward: 180.0
	Eval:	Steps 538	Reward: 270.0
Episode 392:
	Train:	Steps 480	Reward: 185.0
	Eval:	Steps 726	Reward: 285.0
Episode 393:
	Train:	Steps 652	Reward: 320.0
	Eval:	Steps 378	Reward: 0.0
Episode 394:
	Train:	Steps 592	Reward: 215.0
	Eval:	Steps 726	Reward: 285.0
Episode 395:
	Train:	Steps 507	Reward: 165.0
	Eval:	Steps 693	Reward: 0.0
Episode 396:
	Train:	Steps 488	Reward: 50.0
	Eval:	Steps 538	Reward: 270.0
Episode 397:
	Train:	Steps 703	Reward: 360.0
	Eval:	Steps 726	Reward: 285.0
Episode 398:
	Train:	Steps 551	Reward: 130.0
	Eval:	Steps 538	Reward: 270.0
Episode 399:
	Train:	Steps 1205	Reward: 325.0
	Eval:	Steps 538	Reward: 270.0
Episode 400:
	Train:	Steps 585	Reward: 255.0
	Eval:	Steps 693	Reward: 0.0
Episode 401:
	Train:	Steps 684	Reward: 265.0
	Eval:	Steps 726	Reward: 285.0
Episode 402:
	Train:	Steps 956	Reward: 345.0
	Eval:	Steps 726	Reward: 285.0
Episode 403:
	Train:	Steps 993	Reward: 270.0
	Eval:	Steps 538	Reward: 270.0
Episode 404:
	Train:	Steps 597	Reward: 175.0
	Eval:	Steps 726	Reward: 285.0
Episode 405:
	Train:	Steps 607	Reward: 185.0
	Eval:	Steps 378	Reward: 0.0
Episode 406:
	Train:	Steps 472	Reward: 95.0
	Eval:	Steps 538	Reward: 270.0
Episode 407:
	Train:	Steps 683	Reward: 490.0
	Eval:	Steps 726	Reward: 285.0
Episode 408:
	Train:	Steps 508	Reward: 205.0
	Eval:	Steps 538	Reward: 270.0
Episode 409:
	Train:	Steps 676	Reward: 190.0
	Eval:	Steps 726	Reward: 285.0
Episode 410:
	Train:	Steps 824	Reward: 240.0
	Eval:	Steps 693	Reward: 0.0
Episode 411:
	Train:	Steps 651	Reward: 210.0
	Eval:	Steps 726	Reward: 285.0
Episode 412:
	Train:	Steps 591	Reward: 130.0
	Eval:	Steps 693	Reward: 0.0
Episode 413:
	Train:	Steps 522	Reward: 190.0
	Eval:	Steps 538	Reward: 270.0
Episode 414:
	Train:	Steps 606	Reward: 125.0
	Eval:	Steps 693	Reward: 0.0
Episode 415:
	Train:	Steps 501	Reward: 145.0
	Eval:	Steps 726	Reward: 285.0
Episode 416:
	Train:	Steps 281	Reward: 50.0
	Eval:	Steps 726	Reward: 285.0
Episode 417:
	Train:	Steps 646	Reward: 210.0
	Eval:	Steps 538	Reward: 270.0
Episode 418:
	Train:	Steps 755	Reward: 130.0
	Eval:	Steps 693	Reward: 0.0
Episode 419:
	Train:	Steps 579	Reward: 255.0
	Eval:	Steps 538	Reward: 270.0
Episode 420:
	Train:	Steps 742	Reward: 160.0
	Eval:	Steps 538	Reward: 270.0
Episode 421:
	Train:	Steps 690	Reward: 200.0
	Eval:	Steps 726	Reward: 285.0
Episode 422:
	Train:	Steps 564	Reward: 105.0
	Eval:	Steps 726	Reward: 285.0
Episode 423:
	Train:	Steps 739	Reward: 300.0
	Eval:	Steps 726	Reward: 285.0
Episode 424:
	Train:	Steps 514	Reward: 45.0
	Eval:	Steps 693	Reward: 0.0
Episode 425:
	Train:	Steps 1169	Reward: 370.0
	Eval:	Steps 726	Reward: 285.0
Episode 426:
	Train:	Steps 1049	Reward: 255.0
	Eval:	Steps 693	Reward: 0.0
Episode 427:
	Train:	Steps 488	Reward: 55.0
	Eval:	Steps 726	Reward: 285.0
Episode 428:
	Train:	Steps 953	Reward: 260.0
	Eval:	Steps 726	Reward: 285.0
Episode 429:
	Train:	Steps 652	Reward: 135.0
	Eval:	Steps 693	Reward: 0.0
Episode 430:
	Train:	Steps 471	Reward: 105.0
	Eval:	Steps 726	Reward: 285.0
Episode 431:
	Train:	Steps 466	Reward: 155.0
	Eval:	Steps 538	Reward: 270.0
Episode 432:
	Train:	Steps 703	Reward: 115.0
	Eval:	Steps 538	Reward: 270.0
Episode 433:
	Train:	Steps 927	Reward: 420.0
	Eval:	Steps 378	Reward: 0.0
Episode 434:
	Train:	Steps 609	Reward: 160.0
	Eval:	Steps 538	Reward: 270.0
Episode 435:
	Train:	Steps 538	Reward: 270.0
	Eval:	Steps 538	Reward: 270.0
Episode 436:
	Train:	Steps 290	Reward: 85.0
	Eval:	Steps 726	Reward: 285.0
Episode 437:
	Train:	Steps 690	Reward: 330.0
	Eval:	Steps 726	Reward: 285.0
Episode 438:
	Train:	Steps 1202	Reward: 145.0
	Eval:	Steps 538	Reward: 270.0
Episode 439:
	Train:	Steps 649	Reward: 210.0
	Eval:	Steps 726	Reward: 285.0
Episode 440:
	Train:	Steps 644	Reward: 225.0
	Eval:	Steps 378	Reward: 0.0
Episode 441:
	Train:	Steps 514	Reward: 105.0
	Eval:	Steps 726	Reward: 285.0
Episode 442:
	Train:	Steps 1172	Reward: 450.0
	Eval:	Steps 726	Reward: 285.0
Episode 443:
	Train:	Steps 651	Reward: 115.0
	Eval:	Steps 693	Reward: 0.0
Episode 444:
	Train:	Steps 697	Reward: 140.0
	Eval:	Steps 538	Reward: 270.0
Episode 445:
	Train:	Steps 801	Reward: 555.0
	Eval:	Steps 538	Reward: 270.0
Episode 446:
	Train:	Steps 981	Reward: 490.0
	Eval:	Steps 726	Reward: 285.0
Episode 447:
	Train:	Steps 1025	Reward: 375.0
	Eval:	Steps 726	Reward: 285.0
Episode 448:
	Train:	Steps 502	Reward: 110.0
	Eval:	Steps 538	Reward: 270.0
Episode 449:
	Train:	Steps 504	Reward: 185.0
	Eval:	Steps 726	Reward: 285.0
Episode 450:
	Train:	Steps 831	Reward: 175.0
	Eval:	Steps 726	Reward: 285.0
Episode 451:
	Train:	Steps 451	Reward: 75.0
	Eval:	Steps 693	Reward: 0.0
Episode 452:
	Train:	Steps 728	Reward: 180.0
	Eval:	Steps 726	Reward: 285.0
Episode 453:
	Train:	Steps 511	Reward: 120.0
	Eval:	Steps 693	Reward: 0.0
Episode 454:
	Train:	Steps 515	Reward: 75.0
	Eval:	Steps 726	Reward: 285.0
Episode 455:
	Train:	Steps 483	Reward: 40.0
	Eval:	Steps 378	Reward: 0.0
Episode 456:
	Train:	Steps 528	Reward: 170.0
	Eval:	Steps 726	Reward: 285.0
Episode 457:
	Train:	Steps 978	Reward: 440.0
	Eval:	Steps 538	Reward: 270.0
Episode 458:
	Train:	Steps 727	Reward: 190.0
	Eval:	Steps 538	Reward: 270.0
Episode 459:
	Train:	Steps 819	Reward: 200.0
	Eval:	Steps 726	Reward: 285.0
Episode 460:
	Train:	Steps 627	Reward: 120.0
	Eval:	Steps 538	Reward: 270.0
Episode 461:
	Train:	Steps 730	Reward: 120.0
	Eval:	Steps 538	Reward: 270.0
Episode 462:
	Train:	Steps 1051	Reward: 175.0
	Eval:	Steps 726	Reward: 285.0
Episode 463:
	Train:	Steps 485	Reward: 50.0
	Eval:	Steps 538	Reward: 270.0
Episode 464:
	Train:	Steps 531	Reward: 290.0
	Eval:	Steps 538	Reward: 270.0
Episode 465:
	Train:	Steps 736	Reward: 145.0
	Eval:	Steps 538	Reward: 270.0
Episode 466:
	Train:	Steps 523	Reward: 340.0
	Eval:	Steps 538	Reward: 270.0
Episode 467:
	Train:	Steps 752	Reward: 235.0
	Eval:	Steps 726	Reward: 285.0
Episode 468:
	Train:	Steps 904	Reward: 300.0
	Eval:	Steps 693	Reward: 0.0
Episode 469:
	Train:	Steps 917	Reward: 360.0
	Eval:	Steps 726	Reward: 285.0
Episode 470:
	Train:	Steps 595	Reward: 270.0
	Eval:	Steps 538	Reward: 270.0
Episode 471:
	Train:	Steps 904	Reward: 280.0
	Eval:	Steps 538	Reward: 270.0
Episode 472:
	Train:	Steps 472	Reward: 225.0
	Eval:	Steps 693	Reward: 0.0
Episode 473:
	Train:	Steps 464	Reward: 150.0
	Eval:	Steps 538	Reward: 270.0
Episode 474:
	Train:	Steps 778	Reward: 325.0
	Eval:	Steps 726	Reward: 285.0
Episode 475:
	Train:	Steps 323	Reward: 105.0
	Eval:	Steps 538	Reward: 270.0
Episode 476:
	Train:	Steps 1076	Reward: 160.0
	Eval:	Steps 693	Reward: 0.0
Episode 477:
	Train:	Steps 519	Reward: 110.0
	Eval:	Steps 726	Reward: 285.0
Episode 478:
	Train:	Steps 386	Reward: 105.0
	Eval:	Steps 538	Reward: 270.0
Episode 479:
	Train:	Steps 931	Reward: 475.0
	Eval:	Steps 538	Reward: 270.0
Episode 480:
	Train:	Steps 431	Reward: 225.0
	Eval:	Steps 538	Reward: 270.0
Episode 481:
	Train:	Steps 539	Reward: 300.0
	Eval:	Steps 538	Reward: 270.0
Episode 482:
	Train:	Steps 470	Reward: 45.0
	Eval:	Steps 726	Reward: 285.0
Episode 483:
	Train:	Steps 488	Reward: 155.0
	Eval:	Steps 726	Reward: 285.0
Episode 484:
	Train:	Steps 465	Reward: 220.0
	Eval:	Steps 538	Reward: 270.0
Episode 485:
	Train:	Steps 522	Reward: 190.0
	Eval:	Steps 726	Reward: 285.0
Episode 486:
	Train:	Steps 538	Reward: 280.0
	Eval:	Steps 726	Reward: 285.0
Episode 487:
	Train:	Steps 325	Reward: 110.0
	Eval:	Steps 726	Reward: 285.0
Episode 488:
	Train:	Steps 521	Reward: 70.0
	Eval:	Steps 538	Reward: 270.0
Episode 489:
	Train:	Steps 536	Reward: 250.0
	Eval:	Steps 378	Reward: 0.0
Episode 490:
	Train:	Steps 689	Reward: 245.0
	Eval:	Steps 726	Reward: 285.0
Episode 491:
	Train:	Steps 1256	Reward: 140.0
	Eval:	Steps 538	Reward: 270.0
Episode 492:
	Train:	Steps 477	Reward: 235.0
	Eval:	Steps 726	Reward: 285.0
Episode 493:
	Train:	Steps 491	Reward: 105.0
	Eval:	Steps 538	Reward: 270.0
Episode 494:
	Train:	Steps 910	Reward: 310.0
	Eval:	Steps 726	Reward: 285.0
Episode 495:
	Train:	Steps 1179	Reward: 375.0
	Eval:	Steps 538	Reward: 270.0
Episode 496:
	Train:	Steps 369	Reward: 85.0
	Eval:	Steps 693	Reward: 0.0
Episode 497:
	Train:	Steps 578	Reward: 235.0
	Eval:	Steps 726	Reward: 285.0
Episode 498:
	Train:	Steps 499	Reward: 160.0
	Eval:	Steps 726	Reward: 285.0
Episode 499:
	Train:	Steps 510	Reward: 105.0
	Eval:	Steps 538	Reward: 270.0
Episode 500:
	Train:	Steps 1277	Reward: 265.0
	Eval:	Steps 378	Reward: 0.0
Episode 501:
	Train:	Steps 700	Reward: 90.0
	Eval:	Steps 693	Reward: 0.0
Episode 502:
	Train:	Steps 489	Reward: 105.0
	Eval:	Steps 726	Reward: 285.0
Episode 503:
	Train:	Steps 822	Reward: 245.0
	Eval:	Steps 538	Reward: 270.0
Episode 504:
	Train:	Steps 867	Reward: 295.0
	Eval:	Steps 726	Reward: 285.0
Episode 505:
	Train:	Steps 517	Reward: 220.0
	Eval:	Steps 538	Reward: 270.0
Episode 506:
	Train:	Steps 1150	Reward: 655.0
	Eval:	Steps 538	Reward: 270.0
Episode 507:
	Train:	Steps 428	Reward: 195.0
	Eval:	Steps 538	Reward: 270.0
Episode 508:
	Train:	Steps 1007	Reward: 205.0
	Eval:	Steps 693	Reward: 0.0
Episode 509:
	Train:	Steps 464	Reward: 90.0
	Eval:	Steps 538	Reward: 270.0
Episode 510:
	Train:	Steps 624	Reward: 250.0
	Eval:	Steps 693	Reward: 0.0
Episode 511:
	Train:	Steps 504	Reward: 150.0
	Eval:	Steps 726	Reward: 285.0
Episode 512:
	Train:	Steps 951	Reward: 335.0
	Eval:	Steps 693	Reward: 0.0
Episode 513:
	Train:	Steps 476	Reward: 140.0
	Eval:	Steps 538	Reward: 270.0
Episode 514:
	Train:	Steps 924	Reward: 440.0
	Eval:	Steps 378	Reward: 0.0
Episode 515:
	Train:	Steps 476	Reward: 0.0
	Eval:	Steps 538	Reward: 270.0
Episode 516:
	Train:	Steps 494	Reward: 95.0
	Eval:	Steps 693	Reward: 0.0
Episode 517:
	Train:	Steps 908	Reward: 75.0
	Eval:	Steps 538	Reward: 270.0
Episode 518:
	Train:	Steps 502	Reward: 195.0
	Eval:	Steps 538	Reward: 270.0
Episode 519:
	Train:	Steps 443	Reward: 195.0
	Eval:	Steps 538	Reward: 270.0
Episode 520:
	Train:	Steps 938	Reward: 370.0
	Eval:	Steps 538	Reward: 270.0
Episode 521:
	Train:	Steps 1299	Reward: 620.0
	Eval:	Steps 726	Reward: 285.0
Episode 522:
	Train:	Steps 1060	Reward: 250.0
	Eval:	Steps 726	Reward: 285.0
Episode 523:
	Train:	Steps 952	Reward: 180.0
	Eval:	Steps 726	Reward: 285.0
Episode 524:
	Train:	Steps 741	Reward: 220.0
	Eval:	Steps 693	Reward: 0.0
Episode 525:
	Train:	Steps 610	Reward: 185.0
	Eval:	Steps 538	Reward: 270.0
Episode 526:
	Train:	Steps 1129	Reward: 175.0
	Eval:	Steps 538	Reward: 270.0
Episode 527:
	Train:	Steps 931	Reward: 575.0
	Eval:	Steps 538	Reward: 270.0
Episode 528:
	Train:	Steps 538	Reward: 270.0
	Eval:	Steps 538	Reward: 270.0
Episode 529:
	Train:	Steps 610	Reward: 255.0
	Eval:	Steps 538	Reward: 270.0
Episode 530:
	Train:	Steps 521	Reward: 270.0
	Eval:	Steps 538	Reward: 270.0
Episode 531:
	Train:	Steps 478	Reward: 140.0
	Eval:	Steps 378	Reward: 0.0
Episode 532:
	Train:	Steps 921	Reward: 155.0
	Eval:	Steps 726	Reward: 285.0
Episode 533:
	Train:	Steps 813	Reward: 510.0
	Eval:	Steps 693	Reward: 0.0
Episode 534:
	Train:	Steps 489	Reward: 105.0
	Eval:	Steps 538	Reward: 270.0
Episode 535:
	Train:	Steps 549	Reward: 280.0
	Eval:	Steps 726	Reward: 285.0
Episode 536:
	Train:	Steps 1268	Reward: 360.0
	Eval:	Steps 726	Reward: 285.0
Episode 537:
	Train:	Steps 1056	Reward: 360.0
	Eval:	Steps 726	Reward: 285.0
Episode 538:
	Train:	Steps 854	Reward: 225.0
	Eval:	Steps 726	Reward: 285.0
Episode 539:
	Train:	Steps 496	Reward: 15.0
	Eval:	Steps 538	Reward: 270.0
Episode 540:
	Train:	Steps 1057	Reward: 345.0
	Eval:	Steps 693	Reward: 0.0
Episode 541:
	Train:	Steps 526	Reward: 80.0
	Eval:	Steps 538	Reward: 270.0
Episode 542:
	Train:	Steps 722	Reward: 250.0
	Eval:	Steps 538	Reward: 270.0
Episode 543:
	Train:	Steps 390	Reward: 115.0
	Eval:	Steps 538	Reward: 270.0
Episode 544:
	Train:	Steps 1295	Reward: 645.0
	Eval:	Steps 726	Reward: 285.0
Episode 545:
	Train:	Steps 717	Reward: 285.0
	Eval:	Steps 693	Reward: 0.0
Episode 546:
	Train:	Steps 413	Reward: 105.0
	Eval:	Steps 538	Reward: 270.0
Episode 547:
	Train:	Steps 973	Reward: 310.0
	Eval:	Steps 538	Reward: 270.0
Episode 548:
	Train:	Steps 509	Reward: 185.0
	Eval:	Steps 693	Reward: 0.0
Episode 549:
	Train:	Steps 326	Reward: 115.0
	Eval:	Steps 538	Reward: 270.0
Episode 550:
	Train:	Steps 1183	Reward: 210.0
	Eval:	Steps 726	Reward: 285.0
Episode 551:
	Train:	Steps 839	Reward: 205.0
	Eval:	Steps 726	Reward: 285.0
Episode 552:
	Train:	Steps 379	Reward: 110.0
	Eval:	Steps 726	Reward: 285.0
Episode 553:
	Train:	Steps 1742	Reward: 575.0
	Eval:	Steps 726	Reward: 285.0
Episode 554:
	Train:	Steps 498	Reward: 0.0
	Eval:	Steps 378	Reward: 0.0
Episode 555:
	Train:	Steps 648	Reward: 265.0
	Eval:	Steps 726	Reward: 285.0
Episode 556:
	Train:	Steps 1141	Reward: 305.0
	Eval:	Steps 726	Reward: 285.0
Episode 557:
	Train:	Steps 609	Reward: 345.0
	Eval:	Steps 538	Reward: 270.0
Episode 558:
	Train:	Steps 994	Reward: 250.0
	Eval:	Steps 726	Reward: 285.0
Episode 559:
	Train:	Steps 848	Reward: 300.0
	Eval:	Steps 693	Reward: 0.0
Episode 560:
	Train:	Steps 484	Reward: 75.0
	Eval:	Steps 726	Reward: 285.0
Episode 561:
	Train:	Steps 571	Reward: 215.0
	Eval:	Steps 538	Reward: 270.0
Episode 562:
	Train:	Steps 605	Reward: 230.0
	Eval:	Steps 538	Reward: 270.0
Episode 563:
	Train:	Steps 549	Reward: 280.0
	Eval:	Steps 538	Reward: 270.0
Episode 564:
	Train:	Steps 538	Reward: 270.0
	Eval:	Steps 538	Reward: 270.0
Episode 565:
	Train:	Steps 695	Reward: 360.0
	Eval:	Steps 538	Reward: 270.0
Episode 566:
	Train:	Steps 687	Reward: 325.0
	Eval:	Steps 726	Reward: 285.0
Episode 567:
	Train:	Steps 535	Reward: 175.0
	Eval:	Steps 726	Reward: 285.0
Episode 568:
	Train:	Steps 510	Reward: 220.0
	Eval:	Steps 726	Reward: 285.0
Episode 569:
	Train:	Steps 616	Reward: 115.0
	Eval:	Steps 693	Reward: 0.0
Episode 570:
	Train:	Steps 944	Reward: 310.0
	Eval:	Steps 378	Reward: 0.0
Episode 571:
	Train:	Steps 676	Reward: 145.0
	Eval:	Steps 693	Reward: 0.0
Episode 572:
	Train:	Steps 472	Reward: 90.0
	Eval:	Steps 538	Reward: 270.0
Episode 573:
	Train:	Steps 712	Reward: 195.0
	Eval:	Steps 538	Reward: 270.0
Episode 574:
	Train:	Steps 1095	Reward: 400.0
	Eval:	Steps 726	Reward: 285.0
Episode 575:
	Train:	Steps 1643	Reward: 225.0
	Eval:	Steps 693	Reward: 0.0
Episode 576:
	Train:	Steps 511	Reward: 75.0
	Eval:	Steps 538	Reward: 270.0
Episode 577:
	Train:	Steps 1317	Reward: 230.0
	Eval:	Steps 726	Reward: 285.0
Episode 578:
	Train:	Steps 609	Reward: 105.0
	Eval:	Steps 726	Reward: 285.0
Episode 579:
	Train:	Steps 642	Reward: 235.0
	Eval:	Steps 538	Reward: 270.0
Episode 580:
	Train:	Steps 1417	Reward: 555.0
	Eval:	Steps 693	Reward: 0.0
Episode 581:
	Train:	Steps 665	Reward: 180.0
	Eval:	Steps 726	Reward: 285.0
Episode 582:
	Train:	Steps 742	Reward: 345.0
	Eval:	Steps 726	Reward: 285.0
Episode 583:
	Train:	Steps 1081	Reward: 270.0
	Eval:	Steps 726	Reward: 285.0
Episode 584:
	Train:	Steps 692	Reward: 305.0
	Eval:	Steps 538	Reward: 270.0
Episode 585:
	Train:	Steps 1183	Reward: 870.0
	Eval:	Steps 538	Reward: 270.0
Episode 586:
	Train:	Steps 1141	Reward: 800.0
	Eval:	Steps 538	Reward: 270.0
Episode 587:
	Train:	Steps 816	Reward: 325.0
	Eval:	Steps 726	Reward: 285.0
Episode 588:
	Train:	Steps 645	Reward: 255.0
	Eval:	Steps 538	Reward: 270.0
Episode 589:
	Train:	Steps 549	Reward: 280.0
	Eval:	Steps 538	Reward: 270.0
Episode 590:
	Train:	Steps 738	Reward: 195.0
	Eval:	Steps 538	Reward: 270.0
Episode 591:
	Train:	Steps 549	Reward: 275.0
	Eval:	Steps 538	Reward: 270.0
Episode 592:
	Train:	Steps 655	Reward: 185.0
	Eval:	Steps 693	Reward: 0.0
Episode 593:
	Train:	Steps 809	Reward: 405.0
	Eval:	Steps 538	Reward: 270.0
Episode 594:
	Train:	Steps 1116	Reward: 420.0
	Eval:	Steps 726	Reward: 285.0
Episode 595:
	Train:	Steps 381	Reward: 105.0
	Eval:	Steps 693	Reward: 0.0
Episode 596:
	Train:	Steps 624	Reward: 180.0
	Eval:	Steps 538	Reward: 270.0
Episode 597:
	Train:	Steps 1282	Reward: 590.0
	Eval:	Steps 726	Reward: 285.0
Episode 598:
	Train:	Steps 378	Reward: 105.0
	Eval:	Steps 726	Reward: 285.0
Episode 599:
	Train:	Steps 989	Reward: 135.0
	Eval:	Steps 726	Reward: 285.0
Episode 600:
	Train:	Steps 625	Reward: 135.0
	Eval:	Steps 726	Reward: 285.0
Episode 601:
	Train:	Steps 618	Reward: 115.0
	Eval:	Steps 726	Reward: 285.0
Episode 602:
	Train:	Steps 485	Reward: 110.0
	Eval:	Steps 693	Reward: 0.0
Episode 603:
	Train:	Steps 502	Reward: 20.0
	Eval:	Steps 538	Reward: 270.0
Episode 604:
	Train:	Steps 943	Reward: 290.0
	Eval:	Steps 726	Reward: 285.0
Episode 605:
	Train:	Steps 691	Reward: 50.0
	Eval:	Steps 726	Reward: 285.0
Episode 606:
	Train:	Steps 528	Reward: 175.0
	Eval:	Steps 726	Reward: 285.0
Episode 607:
	Train:	Steps 710	Reward: 360.0
	Eval:	Steps 538	Reward: 270.0
Episode 608:
	Train:	Steps 505	Reward: 45.0
	Eval:	Steps 726	Reward: 285.0
Episode 609:
	Train:	Steps 445	Reward: 210.0
	Eval:	Steps 726	Reward: 285.0
Episode 610:
	Train:	Steps 541	Reward: 80.0
	Eval:	Steps 538	Reward: 270.0
Episode 611:
	Train:	Steps 467	Reward: 225.0
	Eval:	Steps 726	Reward: 285.0
Episode 612:
	Train:	Steps 724	Reward: 260.0
	Eval:	Steps 726	Reward: 285.0
Episode 613:
	Train:	Steps 659	Reward: 410.0
	Eval:	Steps 538	Reward: 270.0
Episode 614:
	Train:	Steps 708	Reward: 370.0
	Eval:	Steps 693	Reward: 0.0
Episode 615:
	Train:	Steps 1389	Reward: 455.0
	Eval:	Steps 538	Reward: 270.0
Episode 616:
	Train:	Steps 1366	Reward: 900.0
	Eval:	Steps 538	Reward: 270.0
Episode 617:
	Train:	Steps 641	Reward: 140.0
	Eval:	Steps 726	Reward: 285.0
Episode 618:
	Train:	Steps 510	Reward: 255.0
	Eval:	Steps 538	Reward: 270.0
Episode 619:
	Train:	Steps 738	Reward: 135.0
	Eval:	Steps 726	Reward: 285.0
Episode 620:
	Train:	Steps 726	Reward: 285.0
	Eval:	Steps 538	Reward: 270.0
Episode 621:
	Train:	Steps 984	Reward: 665.0
	Eval:	Steps 538	Reward: 270.0
Episode 622:
	Train:	Steps 459	Reward: 235.0
	Eval:	Steps 538	Reward: 270.0
Episode 623:
	Train:	Steps 975	Reward: 305.0
	Eval:	Steps 538	Reward: 270.0
Episode 624:
	Train:	Steps 584	Reward: 130.0
	Eval:	Steps 693	Reward: 0.0
Episode 625:
	Train:	Steps 494	Reward: 5.0
	Eval:	Steps 538	Reward: 270.0
Episode 626:
	Train:	Steps 477	Reward: 235.0
	Eval:	Steps 538	Reward: 270.0
Episode 627:
	Train:	Steps 529	Reward: 165.0
	Eval:	Steps 726	Reward: 285.0
Episode 628:
	Train:	Steps 937	Reward: 180.0
	Eval:	Steps 726	Reward: 285.0
Episode 629:
	Train:	Steps 946	Reward: 590.0
	Eval:	Steps 378	Reward: 0.0
Episode 630:
	Train:	Steps 820	Reward: 190.0
	Eval:	Steps 726	Reward: 285.0
Episode 631:
	Train:	Steps 393	Reward: 105.0
	Eval:	Steps 538	Reward: 270.0
Episode 632:
	Train:	Steps 1050	Reward: 225.0
	Eval:	Steps 693	Reward: 0.0
Episode 633:
	Train:	Steps 878	Reward: 165.0
	Eval:	Steps 538	Reward: 270.0
Episode 634:
	Train:	Steps 1222	Reward: 325.0
	Eval:	Steps 726	Reward: 285.0
Episode 635:
	Train:	Steps 907	Reward: 545.0
	Eval:	Steps 726	Reward: 285.0
Episode 636:
	Train:	Steps 726	Reward: 285.0
	Eval:	Steps 726	Reward: 285.0
Episode 637:
	Train:	Steps 644	Reward: 105.0
	Eval:	Steps 378	Reward: 0.0
Episode 638:
	Train:	Steps 608	Reward: 140.0
	Eval:	Steps 538	Reward: 270.0
Episode 639:
	Train:	Steps 735	Reward: 160.0
	Eval:	Steps 726	Reward: 285.0
Episode 640:
	Train:	Steps 558	Reward: 280.0
	Eval:	Steps 726	Reward: 285.0
Episode 641:
	Train:	Steps 1026	Reward: 365.0
	Eval:	Steps 726	Reward: 285.0
Episode 642:
	Train:	Steps 805	Reward: 180.0
	Eval:	Steps 726	Reward: 285.0
Episode 643:
	Train:	Steps 950	Reward: 185.0
	Eval:	Steps 538	Reward: 270.0
Episode 644:
	Train:	Steps 1423	Reward: 555.0
	Eval:	Steps 538	Reward: 270.0
Episode 645:
	Train:	Steps 774	Reward: 165.0
	Eval:	Steps 378	Reward: 0.0
Episode 646:
	Train:	Steps 493	Reward: 100.0
	Eval:	Steps 726	Reward: 285.0
Episode 647:
	Train:	Steps 734	Reward: 240.0
	Eval:	Steps 538	Reward: 270.0
Episode 648:
	Train:	Steps 464	Reward: 190.0
	Eval:	Steps 538	Reward: 270.0
Episode 649:
	Train:	Steps 937	Reward: 185.0
	Eval:	Steps 538	Reward: 270.0
Episode 650:
	Train:	Steps 539	Reward: 280.0
	Eval:	Steps 726	Reward: 285.0
Episode 651:
	Train:	Steps 512	Reward: 110.0
	Eval:	Steps 538	Reward: 270.0
Episode 652:
	Train:	Steps 767	Reward: 250.0
	Eval:	Steps 693	Reward: 0.0
Episode 653:
	Train:	Steps 687	Reward: 190.0
	Eval:	Steps 726	Reward: 285.0
Episode 654:
	Train:	Steps 1422	Reward: 210.0
	Eval:	Steps 538	Reward: 270.0
Episode 655:
	Train:	Steps 538	Reward: 270.0
	Eval:	Steps 726	Reward: 285.0
Episode 656:
	Train:	Steps 984	Reward: 220.0
	Eval:	Steps 726	Reward: 285.0
Episode 657:
	Train:	Steps 988	Reward: 605.0
	Eval:	Steps 538	Reward: 270.0
Episode 658:
	Train:	Steps 707	Reward: 195.0
	Eval:	Steps 538	Reward: 270.0
Episode 659:
	Train:	Steps 1266	Reward: 435.0
	Eval:	Steps 726	Reward: 285.0
Episode 660:
	Train:	Steps 620	Reward: 130.0
	Eval:	Steps 726	Reward: 285.0
Episode 661:
	Train:	Steps 378	Reward: 0.0
	Eval:	Steps 538	Reward: 270.0
Episode 662:
	Train:	Steps 434	Reward: 195.0
	Eval:	Steps 726	Reward: 285.0
Episode 663:
	Train:	Steps 648	Reward: 120.0
	Eval:	Steps 693	Reward: 0.0
Episode 664:
	Train:	Steps 510	Reward: 35.0
	Eval:	Steps 538	Reward: 270.0
Episode 665:
	Train:	Steps 637	Reward: 215.0
	Eval:	Steps 726	Reward: 285.0
Episode 666:
	Train:	Steps 899	Reward: 305.0
	Eval:	Steps 538	Reward: 270.0
Episode 667:
	Train:	Steps 618	Reward: 220.0
	Eval:	Steps 538	Reward: 270.0
Episode 668:
	Train:	Steps 493	Reward: 305.0
	Eval:	Steps 726	Reward: 285.0
Episode 669:
	Train:	Steps 929	Reward: 160.0
	Eval:	Steps 726	Reward: 285.0
Episode 670:
	Train:	Steps 642	Reward: 210.0
	Eval:	Steps 538	Reward: 270.0
Episode 671:
	Train:	Steps 779	Reward: 220.0
	Eval:	Steps 726	Reward: 285.0
Episode 672:
	Train:	Steps 528	Reward: 330.0
	Eval:	Steps 726	Reward: 285.0
Episode 673:
	Train:	Steps 722	Reward: 460.0
	Eval:	Steps 726	Reward: 285.0
Episode 674:
	Train:	Steps 863	Reward: 375.0
	Eval:	Steps 726	Reward: 285.0
Episode 675:
	Train:	Steps 722	Reward: 225.0
	Eval:	Steps 693	Reward: 0.0
Episode 676:
	Train:	Steps 474	Reward: 50.0
	Eval:	Steps 726	Reward: 285.0
Episode 677:
	Train:	Steps 845	Reward: 470.0
	Eval:	Steps 538	Reward: 270.0
Episode 678:
	Train:	Steps 1170	Reward: 565.0
	Eval:	Steps 726	Reward: 285.0
Episode 679:
	Train:	Steps 734	Reward: 265.0
	Eval:	Steps 726	Reward: 285.0
Episode 680:
	Train:	Steps 640	Reward: 110.0
	Eval:	Steps 538	Reward: 270.0
Episode 681:
	Train:	Steps 1094	Reward: 245.0
	Eval:	Steps 538	Reward: 270.0
Episode 682:
	Train:	Steps 518	Reward: 285.0
	Eval:	Steps 726	Reward: 285.0
Episode 683:
	Train:	Steps 1082	Reward: 180.0
	Eval:	Steps 538	Reward: 270.0
Episode 684:
	Train:	Steps 940	Reward: 455.0
	Eval:	Steps 538	Reward: 270.0
Episode 685:
	Train:	Steps 643	Reward: 210.0
	Eval:	Steps 538	Reward: 270.0
Episode 686:
	Train:	Steps 1045	Reward: 570.0
	Eval:	Steps 693	Reward: 0.0
Episode 687:
	Train:	Steps 635	Reward: 170.0
	Eval:	Steps 726	Reward: 285.0
Episode 688:
	Train:	Steps 615	Reward: 190.0
	Eval:	Steps 693	Reward: 0.0
Episode 689:
	Train:	Steps 469	Reward: 105.0
	Eval:	Steps 538	Reward: 270.0
Episode 690:
	Train:	Steps 826	Reward: 225.0
	Eval:	Steps 378	Reward: 0.0
Episode 691:
	Train:	Steps 382	Reward: 105.0
	Eval:	Steps 726	Reward: 285.0
Episode 692:
	Train:	Steps 1039	Reward: 340.0
	Eval:	Steps 538	Reward: 270.0
Episode 693:
	Train:	Steps 688	Reward: 345.0
	Eval:	Steps 378	Reward: 0.0
Episode 694:
	Train:	Steps 851	Reward: 420.0
	Eval:	Steps 538	Reward: 270.0
Episode 695:
	Train:	Steps 689	Reward: 265.0
	Eval:	Steps 726	Reward: 285.0
Episode 696:
	Train:	Steps 475	Reward: 125.0
	Eval:	Steps 538	Reward: 270.0
Episode 697:
	Train:	Steps 268	Reward: 105.0
	Eval:	Steps 726	Reward: 285.0
Episode 698:
	Train:	Steps 960	Reward: 160.0
	Eval:	Steps 726	Reward: 285.0
Episode 699:
	Train:	Steps 726	Reward: 285.0
	Eval:	Steps 538	Reward: 270.0
Episode 700:
	Train:	Steps 494	Reward: 30.0
	Eval:	Steps 726	Reward: 285.0
Episode 701:
	Train:	Steps 1053	Reward: 280.0
	Eval:	Steps 538	Reward: 270.0
Episode 702:
	Train:	Steps 603	Reward: 425.0
	Eval:	Steps 538	Reward: 270.0
Episode 703:
	Train:	Steps 538	Reward: 270.0
	Eval:	Steps 538	Reward: 270.0
Episode 704:
	Train:	Steps 726	Reward: 425.0
	Eval:	Steps 726	Reward: 285.0
Episode 705:
	Train:	Steps 636	Reward: 105.0
	Eval:	Steps 693	Reward: 0.0
Episode 706:
	Train:	Steps 528	Reward: 80.0
	Eval:	Steps 726	Reward: 285.0
Episode 707:
	Train:	Steps 1880	Reward: 850.0
	Eval:	Steps 693	Reward: 0.0
Episode 708:
	Train:	Steps 1159	Reward: 160.0
	Eval:	Steps 726	Reward: 285.0
Episode 709:
	Train:	Steps 373	Reward: 105.0
	Eval:	Steps 538	Reward: 270.0
Episode 710:
	Train:	Steps 549	Reward: 280.0
	Eval:	Steps 538	Reward: 270.0
Episode 711:
	Train:	Steps 295	Reward: 145.0
	Eval:	Steps 726	Reward: 285.0
Episode 712:
	Train:	Steps 483	Reward: 190.0
	Eval:	Steps 538	Reward: 270.0
Episode 713:
	Train:	Steps 538	Reward: 270.0
	Eval:	Steps 538	Reward: 270.0
Episode 714:
	Train:	Steps 958	Reward: 435.0
	Eval:	Steps 693	Reward: 0.0
Episode 715:
	Train:	Steps 518	Reward: 90.0
	Eval:	Steps 538	Reward: 270.0
Episode 716:
	Train:	Steps 824	Reward: 290.0
	Eval:	Steps 538	Reward: 270.0
Episode 717:
	Train:	Steps 787	Reward: 475.0
	Eval:	Steps 726	Reward: 285.0
Episode 718:
	Train:	Steps 763	Reward: 295.0
	Eval:	Steps 726	Reward: 285.0
Episode 719:
	Train:	Steps 1108	Reward: 540.0
	Eval:	Steps 693	Reward: 0.0
Episode 720:
	Train:	Steps 518	Reward: 70.0
	Eval:	Steps 538	Reward: 270.0
Episode 721:
	Train:	Steps 701	Reward: 380.0
	Eval:	Steps 726	Reward: 285.0
Episode 722:
	Train:	Steps 530	Reward: 315.0
	Eval:	Steps 538	Reward: 270.0
Episode 723:
	Train:	Steps 1172	Reward: 370.0
	Eval:	Steps 538	Reward: 270.0
Episode 724:
	Train:	Steps 607	Reward: 185.0
	Eval:	Steps 538	Reward: 270.0
Episode 725:
	Train:	Steps 625	Reward: 295.0
	Eval:	Steps 378	Reward: 0.0
Episode 726:
	Train:	Steps 492	Reward: 165.0
	Eval:	Steps 538	Reward: 270.0
Episode 727:
	Train:	Steps 646	Reward: 210.0
	Eval:	Steps 726	Reward: 285.0
Episode 728:
	Train:	Steps 713	Reward: 75.0
	Eval:	Steps 726	Reward: 285.0
Episode 729:
	Train:	Steps 400	Reward: 130.0
	Eval:	Steps 538	Reward: 270.0
Episode 730:
	Train:	Steps 496	Reward: 135.0
	Eval:	Steps 726	Reward: 285.0
Episode 731:
	Train:	Steps 802	Reward: 325.0
	Eval:	Steps 726	Reward: 285.0
Episode 732:
	Train:	Steps 830	Reward: 135.0
	Eval:	Steps 693	Reward: 0.0
Episode 733:
	Train:	Steps 653	Reward: 225.0
	Eval:	Steps 726	Reward: 285.0
Episode 734:
	Train:	Steps 617	Reward: 315.0
	Eval:	Steps 726	Reward: 285.0
Episode 735:
	Train:	Steps 636	Reward: 105.0
	Eval:	Steps 693	Reward: 0.0
Episode 736:
	Train:	Steps 486	Reward: 105.0
	Eval:	Steps 726	Reward: 285.0
Episode 737:
	Train:	Steps 644	Reward: 180.0
	Eval:	Steps 726	Reward: 285.0
Episode 738:
	Train:	Steps 1063	Reward: 245.0
	Eval:	Steps 538	Reward: 270.0
Episode 739:
	Train:	Steps 538	Reward: 280.0
	Eval:	Steps 378	Reward: 0.0
Episode 740:
	Train:	Steps 378	Reward: 5.0
	Eval:	Steps 726	Reward: 285.0
Episode 741:
	Train:	Steps 514	Reward: 135.0
	Eval:	Steps 538	Reward: 270.0
Episode 742:
	Train:	Steps 1139	Reward: 170.0
	Eval:	Steps 538	Reward: 270.0
Episode 743:
	Train:	Steps 778	Reward: 220.0
	Eval:	Steps 726	Reward: 285.0
Episode 744:
	Train:	Steps 504	Reward: 220.0
	Eval:	Steps 726	Reward: 285.0
Episode 745:
	Train:	Steps 498	Reward: 5.0
	Eval:	Steps 378	Reward: 0.0
Episode 746:
	Train:	Steps 744	Reward: 70.0
	Eval:	Steps 538	Reward: 270.0
Episode 747:
	Train:	Steps 784	Reward: 615.0
	Eval:	Steps 538	Reward: 270.0
Episode 748:
	Train:	Steps 477	Reward: 235.0
	Eval:	Steps 538	Reward: 270.0
Episode 749:
	Train:	Steps 1182	Reward: 525.0
	Eval:	Steps 538	Reward: 270.0
Episode 750:
	Train:	Steps 538	Reward: 280.0
	Eval:	Steps 538	Reward: 270.0
Episode 751:
	Train:	Steps 538	Reward: 270.0
	Eval:	Steps 726	Reward: 285.0
Episode 752:
	Train:	Steps 1209	Reward: 245.0
	Eval:	Steps 538	Reward: 270.0
Episode 753:
	Train:	Steps 700	Reward: 515.0
	Eval:	Steps 726	Reward: 285.0
Episode 754:
	Train:	Steps 509	Reward: 260.0
	Eval:	Steps 538	Reward: 270.0
Episode 755:
	Train:	Steps 302	Reward: 150.0
	Eval:	Steps 726	Reward: 285.0
Episode 756:
	Train:	Steps 689	Reward: 300.0
	Eval:	Steps 538	Reward: 270.0
Episode 757:
	Train:	Steps 1401	Reward: 570.0
	Eval:	Steps 726	Reward: 285.0
Episode 758:
	Train:	Steps 631	Reward: 105.0
	Eval:	Steps 726	Reward: 285.0
Episode 759:
	Train:	Steps 629	Reward: 230.0
	Eval:	Steps 538	Reward: 270.0
Episode 760:
	Train:	Steps 1112	Reward: 415.0
	Eval:	Steps 726	Reward: 285.0
Episode 761:
	Train:	Steps 628	Reward: 110.0
	Eval:	Steps 726	Reward: 285.0
Episode 762:
	Train:	Steps 726	Reward: 285.0
	Eval:	Steps 726	Reward: 285.0
Episode 763:
	Train:	Steps 1172	Reward: 880.0
	Eval:	Steps 378	Reward: 0.0
Episode 764:
	Train:	Steps 378	Reward: 0.0
	Eval:	Steps 726	Reward: 285.0
Episode 765:
	Train:	Steps 605	Reward: 190.0
	Eval:	Steps 726	Reward: 285.0
Episode 766:
	Train:	Steps 522	Reward: 205.0
	Eval:	Steps 726	Reward: 285.0
Episode 767:
	Train:	Steps 706	Reward: 190.0
	Eval:	Steps 726	Reward: 285.0
Episode 768:
	Train:	Steps 955	Reward: 180.0
	Eval:	Steps 538	Reward: 270.0
Episode 769:
	Train:	Steps 778	Reward: 220.0
	Eval:	Steps 538	Reward: 270.0
Episode 770:
	Train:	Steps 495	Reward: 235.0
	Eval:	Steps 538	Reward: 270.0
Episode 771:
	Train:	Steps 693	Reward: 0.0
	Eval:	Steps 538	Reward: 270.0
Episode 772:
	Train:	Steps 412	Reward: 225.0
	Eval:	Steps 538	Reward: 270.0
Episode 773:
	Train:	Steps 812	Reward: 290.0
	Eval:	Steps 726	Reward: 285.0
Episode 774:
	Train:	Steps 712	Reward: 115.0
	Eval:	Steps 538	Reward: 270.0
Episode 775:
	Train:	Steps 750	Reward: 290.0
	Eval:	Steps 538	Reward: 270.0
Episode 776:
	Train:	Steps 525	Reward: 300.0
	Eval:	Steps 538	Reward: 270.0
Episode 777:
	Train:	Steps 742	Reward: 265.0
	Eval:	Steps 538	Reward: 270.0
Episode 778:
	Train:	Steps 620	Reward: 305.0
	Eval:	Steps 378	Reward: 0.0
Episode 779:
	Train:	Steps 487	Reward: 115.0
	Eval:	Steps 538	Reward: 270.0
Episode 780:
	Train:	Steps 538	Reward: 270.0
	Eval:	Steps 726	Reward: 285.0
Episode 781:
	Train:	Steps 1092	Reward: 215.0
	Eval:	Steps 693	Reward: 0.0
Episode 782:
	Train:	Steps 382	Reward: 5.0
	Eval:	Steps 538	Reward: 270.0
Episode 783:
	Train:	Steps 1139	Reward: 535.0
	Eval:	Steps 538	Reward: 270.0
Episode 784:
	Train:	Steps 778	Reward: 310.0
	Eval:	Steps 538	Reward: 270.0
Episode 785:
	Train:	Steps 1199	Reward: 495.0
	Eval:	Steps 538	Reward: 270.0
Episode 786:
	Train:	Steps 810	Reward: 500.0
	Eval:	Steps 538	Reward: 270.0
Episode 787:
	Train:	Steps 751	Reward: 325.0
	Eval:	Steps 538	Reward: 270.0
Episode 788:
	Train:	Steps 924	Reward: 285.0
	Eval:	Steps 378	Reward: 0.0
Episode 789:
	Train:	Steps 483	Reward: 90.0
	Eval:	Steps 693	Reward: 0.0
Episode 790:
	Train:	Steps 593	Reward: 155.0
	Eval:	Steps 538	Reward: 270.0
Episode 791:
	Train:	Steps 587	Reward: 260.0
	Eval:	Steps 726	Reward: 285.0
Episode 792:
	Train:	Steps 625	Reward: 110.0
	Eval:	Steps 693	Reward: 0.0
Episode 793:
	Train:	Steps 509	Reward: 50.0
	Eval:	Steps 726	Reward: 285.0
Episode 794:
	Train:	Steps 1216	Reward: 260.0
	Eval:	Steps 726	Reward: 285.0
Episode 795:
	Train:	Steps 1220	Reward: 310.0
	Eval:	Steps 378	Reward: 0.0
Episode 796:
	Train:	Steps 705	Reward: 135.0
	Eval:	Steps 538	Reward: 270.0
Episode 797:
	Train:	Steps 778	Reward: 220.0
	Eval:	Steps 538	Reward: 270.0
Episode 798:
	Train:	Steps 549	Reward: 280.0
	Eval:	Steps 538	Reward: 270.0
Episode 799:
	Train:	Steps 538	Reward: 270.0
	Eval:	Steps 726	Reward: 285.0
Episode 800:
	Train:	Steps 645	Reward: 180.0
	Eval:	Steps 726	Reward: 285.0
Episode 801:
	Train:	Steps 397	Reward: 180.0
	Eval:	Steps 538	Reward: 270.0
Episode 802:
	Train:	Steps 479	Reward: 170.0
	Eval:	Steps 538	Reward: 270.0
Episode 803:
	Train:	Steps 1329	Reward: 245.0
	Eval:	Steps 538	Reward: 270.0
Episode 804:
	Train:	Steps 597	Reward: 235.0
	Eval:	Steps 378	Reward: 0.0
Episode 805:
	Train:	Steps 378	Reward: 0.0
	Eval:	Steps 538	Reward: 270.0
Episode 806:
	Train:	Steps 636	Reward: 105.0
	Eval:	Steps 693	Reward: 0.0
Episode 807:
	Train:	Steps 1054	Reward: 255.0
	Eval:	Steps 726	Reward: 285.0
Episode 808:
	Train:	Steps 849	Reward: 540.0
	Eval:	Steps 538	Reward: 270.0
Episode 809:
	Train:	Steps 1179	Reward: 415.0
	Eval:	Steps 538	Reward: 270.0
Episode 810:
	Train:	Steps 1100	Reward: 220.0
	Eval:	Steps 538	Reward: 270.0
Episode 811:
	Train:	Steps 538	Reward: 270.0
	Eval:	Steps 726	Reward: 285.0
Episode 812:
	Train:	Steps 649	Reward: 155.0
	Eval:	Steps 726	Reward: 285.0
Episode 813:
	Train:	Steps 716	Reward: 105.0
	Eval:	Steps 538	Reward: 270.0
Episode 814:
	Train:	Steps 973	Reward: 120.0
	Eval:	Steps 538	Reward: 270.0
Episode 815:
	Train:	Steps 734	Reward: 85.0
	Eval:	Steps 726	Reward: 285.0
Episode 816:
	Train:	Steps 324	Reward: 105.0
	Eval:	Steps 726	Reward: 285.0
Episode 817:
	Train:	Steps 636	Reward: 105.0
	Eval:	Steps 693	Reward: 0.0
Episode 818:
	Train:	Steps 459	Reward: 235.0
	Eval:	Steps 726	Reward: 285.0
Episode 819:
	Train:	Steps 959	Reward: 210.0
	Eval:	Steps 538	Reward: 270.0
Episode 820:
	Train:	Steps 676	Reward: 45.0
	Eval:	Steps 693	Reward: 0.0
Episode 821:
	Train:	Steps 538	Reward: 270.0
	Eval:	Steps 538	Reward: 270.0
Episode 822:
	Train:	Steps 516	Reward: 365.0
	Eval:	Steps 726	Reward: 285.0
Episode 823:
	Train:	Steps 408	Reward: 90.0
	Eval:	Steps 538	Reward: 270.0
Episode 824:
	Train:	Steps 616	Reward: 250.0
	Eval:	Steps 378	Reward: 0.0
Episode 825:
	Train:	Steps 480	Reward: 130.0
	Eval:	Steps 538	Reward: 270.0
Episode 826:
	Train:	Steps 1106	Reward: 795.0
	Eval:	Steps 538	Reward: 270.0
Episode 827:
	Train:	Steps 657	Reward: 300.0
	Eval:	Steps 726	Reward: 285.0
Episode 828:
	Train:	Steps 957	Reward: 350.0
	Eval:	Steps 726	Reward: 285.0
Episode 829:
	Train:	Steps 720	Reward: 260.0
	Eval:	Steps 538	Reward: 270.0
Episode 830:
	Train:	Steps 1141	Reward: 800.0
	Eval:	Steps 538	Reward: 270.0
Episode 831:
	Train:	Steps 603	Reward: 205.0
	Eval:	Steps 726	Reward: 285.0
Episode 832:
	Train:	Steps 470	Reward: 225.0
	Eval:	Steps 538	Reward: 270.0
Episode 833:
	Train:	Steps 1494	Reward: 525.0
	Eval:	Steps 726	Reward: 285.0
Episode 834:
	Train:	Steps 920	Reward: 125.0
	Eval:	Steps 693	Reward: 0.0
Episode 835:
	Train:	Steps 465	Reward: 110.0
	Eval:	Steps 538	Reward: 270.0
Episode 836:
	Train:	Steps 415	Reward: 155.0
	Eval:	Steps 538	Reward: 270.0
Episode 837:
	Train:	Steps 538	Reward: 290.0
	Eval:	Steps 538	Reward: 270.0
Episode 838:
	Train:	Steps 495	Reward: 70.0
	Eval:	Steps 693	Reward: 0.0
Episode 839:
	Train:	Steps 498	Reward: 0.0
	Eval:	Steps 378	Reward: 0.0
Episode 840:
	Train:	Steps 506	Reward: 175.0
	Eval:	Steps 726	Reward: 285.0
Episode 841:
	Train:	Steps 470	Reward: 225.0
	Eval:	Steps 538	Reward: 270.0
Episode 842:
	Train:	Steps 1168	Reward: 605.0
	Eval:	Steps 538	Reward: 270.0
Episode 843:
	Train:	Steps 1009	Reward: 640.0
	Eval:	Steps 538	Reward: 270.0
Episode 844:
	Train:	Steps 640	Reward: 210.0
	Eval:	Steps 538	Reward: 270.0
Episode 845:
	Train:	Steps 538	Reward: 270.0
	Eval:	Steps 538	Reward: 270.0
Episode 846:
	Train:	Steps 538	Reward: 270.0
	Eval:	Steps 538	Reward: 270.0
Episode 847:
	Train:	Steps 999	Reward: 500.0
	Eval:	Steps 726	Reward: 285.0
Episode 848:
	Train:	Steps 660	Reward: 280.0
	Eval:	Steps 538	Reward: 270.0
Episode 849:
	Train:	Steps 975	Reward: 310.0
	Eval:	Steps 538	Reward: 270.0
Episode 850:
	Train:	Steps 538	Reward: 270.0
	Eval:	Steps 538	Reward: 270.0
Episode 851:
	Train:	Steps 498	Reward: 160.0
	Eval:	Steps 726	Reward: 285.0
Episode 852:
	Train:	Steps 483	Reward: 185.0
	Eval:	Steps 726	Reward: 285.0
Episode 853:
	Train:	Steps 636	Reward: 105.0
	Eval:	Steps 538	Reward: 270.0
Episode 854:
	Train:	Steps 539	Reward: 280.0
	Eval:	Steps 726	Reward: 285.0
Episode 855:
	Train:	Steps 627	Reward: 210.0
	Eval:	Steps 538	Reward: 270.0
Episode 856:
	Train:	Steps 774	Reward: 525.0
	Eval:	Steps 538	Reward: 270.0
Episode 857:
	Train:	Steps 772	Reward: 220.0
	Eval:	Steps 726	Reward: 285.0
Episode 858:
	Train:	Steps 538	Reward: 270.0
	Eval:	Steps 538	Reward: 270.0
Episode 859:
	Train:	Steps 747	Reward: 370.0
	Eval:	Steps 378	Reward: 0.0
Episode 860:
	Train:	Steps 470	Reward: 5.0
	Eval:	Steps 538	Reward: 270.0
Episode 861:
	Train:	Steps 1002	Reward: 220.0
	Eval:	Steps 693	Reward: 0.0
Episode 862:
	Train:	Steps 943	Reward: 445.0
	Eval:	Steps 693	Reward: 0.0
Episode 863:
	Train:	Steps 488	Reward: 125.0
	Eval:	Steps 726	Reward: 285.0
Episode 864:
	Train:	Steps 1242	Reward: 180.0
	Eval:	Steps 693	Reward: 0.0
Episode 865:
	Train:	Steps 470	Reward: 110.0
	Eval:	Steps 538	Reward: 270.0
Episode 866:
	Train:	Steps 660	Reward: 155.0
	Eval:	Steps 538	Reward: 270.0
Episode 867:
	Train:	Steps 705	Reward: 140.0
	Eval:	Steps 726	Reward: 285.0
Episode 868:
	Train:	Steps 471	Reward: 225.0
	Eval:	Steps 538	Reward: 270.0
Episode 869:
